<?xml version="1.0" encoding="UTF-8"?>
<!-- Generated by org.testng.reporters.JUnitXMLReporter -->
<testsuite ignored="1" hostname="Keshav" failures="0" tests="1" name="Default test" time="28.092" errors="0" timestamp="2021-07-07T12:01:48 IST">
  <testcase classname="com.letsKodeIt.test_classes.LoginTests" name="testLogin" time="10.176"/>
  <testcase classname="com.letsKodeIt.test_classes.LoginTests" name="testInvalidLogin" time="0.0">
    <ignored/>
  </testcase> <!-- testInvalidLogin -->
</testsuite> <!-- Default test -->
