<?xml version="1.0" encoding="UTF-8"?>
<!-- Generated by org.testng.reporters.JUnitXMLReporter -->
<testsuite ignored="0" hostname="Keshav" failures="0" tests="4" name="Application Test" time="72.382" errors="0" timestamp="2021-07-07T10:56:07 IST">
  <testcase classname="com.letsKodeIt.test_classes.LoginTests" name="testInvalidLogin" time="12.97"/>
  <testcase classname="com.letsKodeIt.test_classes.LoginTests" name="testLogin" time="8.038"/>
  <testcase classname="com.letsKodeIt.test_classes.AllCoursesTests" name="filterByCategory" time="2.635"/>
  <testcase classname="com.letsKodeIt.test_classes.AllCoursesTests" name="verifySearchCourse" time="1.242"/>
</testsuite> <!-- Application Test -->
