<?xml version="1.0" encoding="UTF-8"?>
<!-- Generated by org.testng.reporters.JUnitXMLReporter -->
<testsuite ignored="1" hostname="Keshav" failures="1" tests="1" name="Application Test" time="23.384" errors="0" timestamp="2021-07-08T08:43:18 IST">
  <testcase classname="com.letsKodeIt.test_classes.LoginTests" name="testLogin" time="8.315">
    <failure type="java.lang.AssertionError" message="expected [true] but found [false]">
      <![CDATA[java.lang.AssertionError: expected [true] but found [false]
at com.letsKodeIt.Base.CheckPoint.markFinal(CheckPoint.java:85)
at com.letsKodeIt.test_classes.LoginTests.testLogin(LoginTests.java:25)
at java.base/java.util.ArrayList.forEach(ArrayList.java:1511)
... Removed 31 stack frames]]>
    </failure>
  </testcase> <!-- testLogin -->
  <testcase classname="com.letsKodeIt.test_classes.LoginTests" name="testInvalidLogin" time="0.0">
    <ignored/>
  </testcase> <!-- testInvalidLogin -->
</testsuite> <!-- Application Test -->
