<?xml version="1.0" encoding="UTF-8"?>
<testng-results ignored="1" total="2" passed="1" failed="0" skipped="0">
  <reporter-output>
  </reporter-output>
  <suite started-at="2021-07-07T12:01:20 IST" name="Default suite" finished-at="2021-07-07T12:01:48 IST" duration-ms="28092">
    <groups>
    </groups>
    <test started-at="2021-07-07T12:01:20 IST" name="Default test" finished-at="2021-07-07T12:01:48 IST" duration-ms="28092">
      <class name="com.letsKodeIt.test_classes.LoginTests">
        <test-method is-config="true" signature="commonsetUp()[pri:0, instance:com.letsKodeIt.test_classes.LoginTests@5bd03f44]" started-at="2021-07-07T12:01:20 IST" name="commonsetUp" finished-at="2021-07-07T12:01:31 IST" duration-ms="11055" status="PASS">
          <reporter-output>
          </reporter-output>
        </test-method> <!-- commonsetUp -->
        <test-method signature="testLogin()[pri:0, instance:com.letsKodeIt.test_classes.LoginTests@5bd03f44]" started-at="2021-07-07T12:01:31 IST" name="testLogin" finished-at="2021-07-07T12:01:41 IST" duration-ms="10176" status="PASS">
          <reporter-output>
          </reporter-output>
        </test-method> <!-- testLogin -->
        <test-method is-config="true" signature="afterMethod()[pri:0, instance:com.letsKodeIt.test_classes.LoginTests@5bd03f44]" started-at="2021-07-07T12:01:41 IST" name="afterMethod" finished-at="2021-07-07T12:01:48 IST" duration-ms="6434" status="PASS">
          <reporter-output>
          </reporter-output>
        </test-method> <!-- afterMethod -->
        <test-method is-config="true" signature="commontearDown()[pri:0, instance:com.letsKodeIt.test_classes.LoginTests@5bd03f44]" started-at="2021-07-07T12:01:48 IST" name="commontearDown" finished-at="2021-07-07T12:01:48 IST" duration-ms="341" status="PASS">
          <reporter-output>
          </reporter-output>
        </test-method> <!-- commontearDown -->
      </class> <!-- com.letsKodeIt.test_classes.LoginTests -->
    </test> <!-- Default test -->
  </suite> <!-- Default suite -->
</testng-results>
